[    0.000000] Initializing cgroup subsys cpuset
[    0.000000] Initializing cgroup subsys cpu
[    0.000000] Initializing cgroup subsys cpuacct
[    0.000000] Linux version 4.4.0-194-generic (buildd@lcy01-amd64-020) (gcc version 5.4.0 20160609 (Ubuntu 5.4.0-6ubuntu1~16.04.12) ) #226-Ubuntu SMP Wed Oct 21 10:19:36 UTC 2020 (Ubuntu 4.4.0-194.226-generic 4.4.236)
[    0.000000] Command line: BOOT_IMAGE=/boot/vmlinuz-4.4.0-194-generic root=LABEL=cloudimg-rootfs ro console=tty1 console=ttyS0
[    0.000000] KERNEL supported cpus:
[    0.000000]   Intel GenuineIntel
[    0.000000]   AMD AuthenticAMD
[    0.000000]   Centaur CentaurHauls
[    0.000000] x86/fpu: xstate_offset[2]:  576, xstate_sizes[2]:  256
[    0.000000] x86/fpu: Supporting XSAVE feature 0x01: 'x87 floating point registers'
[    0.000000] x86/fpu: Supporting XSAVE feature 0x02: 'SSE registers'
[    0.000000] x86/fpu: Supporting XSAVE feature 0x04: 'AVX registers'
[    0.000000] x86/fpu: Enabled xstate features 0x7, context size is 832 bytes, using 'standard' format.
[    0.000000] e820: BIOS-provided physical RAM map:
[    0.000000] BIOS-e820: [mem 0x0000000000000000-0x000000000009fbff] usable
[    0.000000] BIOS-e820: [mem 0x000000000009fc00-0x000000000009ffff] reserved
[    0.000000] BIOS-e820: [mem 0x00000000000f0000-0x00000000000fffff] reserved
[    0.000000] BIOS-e820: [mem 0x0000000000100000-0x00000000dffeffff] usable
[    0.000000] BIOS-e820: [mem 0x00000000dfff0000-0x00000000dfffffff] ACPI data
[    0.000000] BIOS-e820: [mem 0x00000000fec00000-0x00000000fec00fff] reserved
[    0.000000] BIOS-e820: [mem 0x00000000fee00000-0x00000000fee00fff] reserved
[    0.000000] BIOS-e820: [mem 0x00000000fffc0000-0x00000000ffffffff] reserved
[    0.000000] BIOS-e820: [mem 0x0000000100000000-0x000000021fffffff] usable
[    0.000000] NX (Execute Disable) protection: active
[    0.000000] SMBIOS 2.5 present.
[    0.000000] Hypervisor detected: KVM
[    0.000000] e820: last_pfn = 0x220000 max_arch_pfn = 0x400000000
[    0.000000] MTRR: Disabled
[    0.000000] x86/PAT: MTRRs disabled, skipping PAT initialization too.
[    0.000000] CPU MTRRs all blank - virtualized system.
[    0.000000] x86/PAT: Configuration [0-7]: WB  WT  UC- UC  WB  WT  UC- UC  
[    0.000000] e820: last_pfn = 0xdfff0 max_arch_pfn = 0x400000000
[    0.000000] found SMP MP-table at [mem 0x0009fff0-0x0009ffff] mapped at [ffff88000009fff0]
[    0.000000] Scanning 1 areas for low memory corruption
[    0.000000] RAMDISK: [mem 0x362dc000-0x37165fff]
[    0.000000] ACPI: Early table checksum verification disabled
[    0.000000] ACPI: RSDP 0x00000000000E0000 000024 (v02 VBOX  )
[    0.000000] ACPI: XSDT 0x00000000DFFF0030 00003C (v01 VBOX   VBOXXSDT 00000001 ASL  00000061)
[    0.000000] ACPI: FACP 0x00000000DFFF00F0 0000F4 (v04 VBOX   VBOXFACP 00000001 ASL  00000061)
[    0.000000] ACPI: DSDT 0x00000000DFFF0480 002325 (v02 VBOX   VBOXBIOS 00000002 INTL 20200925)
[    0.000000] ACPI: FACS 0x00000000DFFF0200 000040
[    0.000000] ACPI: FACS 0x00000000DFFF0200 000040
[    0.000000] ACPI: APIC 0x00000000DFFF0240 00006C (v02 VBOX   VBOXAPIC 00000001 ASL  00000061)
[    0.000000] ACPI: SSDT 0x00000000DFFF02B0 0001CC (v01 VBOX   VBOXCPUT 00000002 INTL 20200925)
[    0.000000] No NUMA configuration found
[    0.000000] Faking a node at [mem 0x0000000000000000-0x000000021fffffff]
[    0.000000] NODE_DATA(0) allocated [mem 0x21fff5000-0x21fff9fff]
[    0.000000] kvm-clock: Using msrs 4b564d01 and 4b564d00
[    0.000000] kvm-clock: cpu 0, msr 2:1ffed001, primary cpu clock
[    0.000000] kvm-clock: using sched offset of 3947034549 cycles
[    0.000000] clocksource: kvm-clock: mask: 0xffffffffffffffff max_cycles: 0x1cd42e4dffb, max_idle_ns: 881590591483 ns
[    0.000000] Zone ranges:
[    0.000000]   DMA      [mem 0x0000000000001000-0x0000000000ffffff]
[    0.000000]   DMA32    [mem 0x0000000001000000-0x00000000ffffffff]
[    0.000000]   Normal   [mem 0x0000000100000000-0x000000021fffffff]
[    0.000000]   Device   empty
[    0.000000] Movable zone start for each node
[    0.000000] Early memory node ranges
[    0.000000]   node   0: [mem 0x0000000000001000-0x000000000009efff]
[    0.000000]   node   0: [mem 0x0000000000100000-0x00000000dffeffff]
[    0.000000]   node   0: [mem 0x0000000100000000-0x000000021fffffff]
[    0.000000] Initmem setup node 0 [mem 0x0000000000001000-0x000000021fffffff]
[    0.000000] ACPI: PM-Timer IO Port: 0x4008
[    0.000000] IOAPIC[0]: apic_id 4, version 32, address 0xfec00000, GSI 0-23
[    0.000000] ACPI: INT_SRC_OVR (bus 0 bus_irq 0 global_irq 2 dfl dfl)
[    0.000000] ACPI: INT_SRC_OVR (bus 0 bus_irq 9 global_irq 9 low level)
[    0.000000] Using ACPI (MADT) for SMP configuration information
[    0.000000] smpboot: Allowing 4 CPUs, 0 hotplug CPUs
[    0.000000] PM: Registered nosave memory: [mem 0x00000000-0x00000fff]
[    0.000000] PM: Registered nosave memory: [mem 0x0009f000-0x0009ffff]
[    0.000000] PM: Registered nosave memory: [mem 0x000a0000-0x000effff]
[    0.000000] PM: Registered nosave memory: [mem 0x000f0000-0x000fffff]
[    0.000000] PM: Registered nosave memory: [mem 0xdfff0000-0xdfffffff]
[    0.000000] PM: Registered nosave memory: [mem 0xe0000000-0xfebfffff]
[    0.000000] PM: Registered nosave memory: [mem 0xfec00000-0xfec00fff]
[    0.000000] PM: Registered nosave memory: [mem 0xfec01000-0xfedfffff]
[    0.000000] PM: Registered nosave memory: [mem 0xfee00000-0xfee00fff]
[    0.000000] PM: Registered nosave memory: [mem 0xfee01000-0xfffbffff]
[    0.000000] PM: Registered nosave memory: [mem 0xfffc0000-0xffffffff]
[    0.000000] e820: [mem 0xe0000000-0xfebfffff] available for PCI devices
[    0.000000] Booting paravirtualized kernel on KVM
[    0.000000] clocksource: refined-jiffies: mask: 0xffffffff max_cycles: 0xffffffff, max_idle_ns: 7645519600211568 ns
[    0.000000] setup_percpu: NR_CPUS:512 nr_cpumask_bits:512 nr_cpu_ids:4 nr_node_ids:1
[    0.000000] PERCPU: Embedded 33 pages/cpu @ffff88021fc00000 s95512 r8192 d31464 u524288
[    0.000000] Built 1 zonelists in Node order, mobility grouping on.  Total pages: 2064248
[    0.000000] Policy zone: Normal
[    0.000000] Kernel command line: BOOT_IMAGE=/boot/vmlinuz-4.4.0-194-generic root=LABEL=cloudimg-rootfs ro console=tty1 console=ttyS0
[    0.000000] PID hash table entries: 4096 (order: 3, 32768 bytes)
[    0.000000] Memory: 8156664K/8388152K available (8640K kernel code, 1337K rwdata, 4040K rodata, 1492K init, 1296K bss, 231488K reserved, 0K cma-reserved)
[    0.000000] SLUB: HWalign=64, Order=0-3, MinObjects=0, CPUs=4, Nodes=1
[    0.000000] Kernel/User page tables isolation: enabled
[    0.000000] Hierarchical RCU implementation.
[    0.000000] 	Build-time adjustment of leaf fanout to 64.
[    0.000000] 	RCU restricting CPUs from NR_CPUS=512 to nr_cpu_ids=4.
[    0.000000] RCU: Adjusting geometry for rcu_fanout_leaf=64, nr_cpu_ids=4
[    0.000000] NR_IRQS:33024 nr_irqs:456 16
[    0.000000] Console: colour VGA+ 80x25
[    0.000000] console [tty1] enabled
[    0.000000] console [ttyS0] enabled
[    0.000000] tsc: Detected 2899.156 MHz processor
[    0.176550] Calibrating delay loop (skipped) preset value.. 5798.31 BogoMIPS (lpj=11596624)
[    0.177765] pid_max: default: 32768 minimum: 301
[    0.178415] ACPI: Core revision 20150930
[    0.179752] ACPI: 2 ACPI AML tables successfully acquired and loaded
[    0.180706] Security Framework initialized
[    0.181279] Yama: becoming mindful.
[    0.181826] AppArmor: AppArmor initialized
[    0.183167] Dentry cache hash table entries: 1048576 (order: 11, 8388608 bytes)
[    0.186864] Inode-cache hash table entries: 524288 (order: 10, 4194304 bytes)
[    0.188610] Mount-cache hash table entries: 16384 (order: 5, 131072 bytes)
[    0.189506] Mountpoint-cache hash table entries: 16384 (order: 5, 131072 bytes)
[    0.191127] Initializing cgroup subsys io
[    0.191762] Initializing cgroup subsys memory
[    0.192436] Initializing cgroup subsys devices
[    0.193061] Initializing cgroup subsys freezer
[    0.193704] Initializing cgroup subsys net_cls
[    0.194322] Initializing cgroup subsys perf_event
[    0.194971] Initializing cgroup subsys net_prio
[    0.195649] Initializing cgroup subsys hugetlb
[    0.196314] Initializing cgroup subsys pids
[    0.197707] mce: CPU supports 0 MCE banks
[    0.198376] Last level iTLB entries: 4KB 1024, 2MB 1024, 4MB 1024
[    0.199167] Last level dTLB entries: 4KB 1024, 2MB 1024, 4MB 1024, 1GB 4
[    0.199992] Spectre V1 : Mitigation: usercopy/swapgs barriers and __user pointer sanitization
[    0.201157] Spectre V2 : Mitigation: Full generic retpoline
[    0.201887] Spectre V2 : Spectre v2 / SpectreRSB mitigation: Filling RSB on context switch
[    0.203047] Speculative Store Bypass: Vulnerable
[    0.203689] SRBDS: Unknown: Dependent on hypervisor status
[    0.204503] MDS: Vulnerable: Clear CPU buffers attempted, no microcode
[    0.207420] Freeing SMP alternatives memory: 36K
[    0.212650] ftrace: allocating 32346 entries in 127 pages
[    0.258751] smpboot: APIC(0) Converting physical 0 to logical package 0
[    0.259628] smpboot: Max logical packages: 1
[    0.260489] x2apic enabled
[    0.261139] Switched APIC routing to physical x2apic.
[    0.262757] ..TIMER: vector=0x30 apic1=0 pin1=2 apic2=-1 pin2=-1
[    0.371662] smpboot: CPU0: Intel(R) Core(TM) i5-4570S CPU @ 2.90GHz (family: 0x6, model: 0x3c, stepping: 0x3)
[    0.373332] Performance Events: unsupported p6 CPU model 60 no PMU driver, software events only.
[    0.384102] KVM setup paravirtual spinlock
[    0.385274] x86: Booting SMP configuration:
[    0.385938] .... node  #0, CPUs:      #1
[    0.386646] kvm-clock: cpu 1, msr 2:1ffed041, secondary cpu clock
[    0.388061] mce: CPU supports 0 MCE banks
[    0.390503]  #2
[    0.390900] kvm-clock: cpu 2, msr 2:1ffed081, secondary cpu clock
[    0.392351] mce: CPU supports 0 MCE banks
[    0.394775]  #3
[    0.395181] kvm-clock: cpu 3, msr 2:1ffed0c1, secondary cpu clock
[    0.396614] mce: CPU supports 0 MCE banks
[    0.399032] x86: Booted up 1 node, 4 CPUs
[    0.399806] smpboot: Total of 4 processors activated (23193.24 BogoMIPS)
[    0.401505] devtmpfs: initialized
[    0.403983] evm: security.selinux
[    0.404581] evm: security.SMACK64
[    0.405144] evm: security.SMACK64EXEC
[    0.405812] evm: security.SMACK64TRANSMUTE
[    0.407156] evm: security.SMACK64MMAP
[    0.408578] evm: security.ima
[    0.409339] evm: security.capability
[    0.410400] clocksource: jiffies: mask: 0xffffffff max_cycles: 0xffffffff, max_idle_ns: 7645041785100000 ns
[    0.411861] futex hash table entries: 1024 (order: 4, 65536 bytes)
[    0.413541] pinctrl core: initialized pinctrl subsystem
[    0.414898] RTC time: 20:14:16, date: 11/22/20
[    0.416030] NET: Registered protocol family 16
[    0.427637] cpuidle: using governor ladder
[    0.439753] cpuidle: using governor menu
[    0.440455] PCCT header not found.
[    0.441139] ACPI: bus type PCI registered
[    0.441773] acpiphp: ACPI Hot Plug PCI Controller Driver version: 0.5
[    0.442792] PCI: Using configuration type 1 for base access
[    0.456844] ACPI: Added _OSI(Module Device)
[    0.457584] ACPI: Added _OSI(Processor Device)
[    0.458350] ACPI: Added _OSI(3.0 _SCP Extensions)
[    0.459120] ACPI: Added _OSI(Processor Aggregator Device)
[    0.460554] ACPI: Executed 1 blocks of module-level executable AML code
[    0.463385] ACPI: Interpreter enabled
[    0.464108] ACPI: (supports S0 S5)
[    0.464783] ACPI: Using IOAPIC for interrupt routing
[    0.465814] PCI: Using host bridge windows from ACPI; if necessary, use "pci=nocrs" and report a bug
[    0.470382] ACPI: PCI Root Bridge [PCI0] (domain 0000 [bus 00-ff])
[    0.471258] acpi PNP0A03:00: _OSC: OS supports [ASPM ClockPM Segments MSI]
[    0.472525] acpi PNP0A03:00: _OSC: not requesting OS control; OS requires [ExtendedConfig ASPM ClockPM MSI]
[    0.473791] acpi PNP0A03:00: fail to add MMCONFIG information, can't access extended PCI configuration space under this bridge.
[    0.483242] PCI host bridge to bus 0000:00
[    0.483895] pci_bus 0000:00: root bus resource [io  0x0000-0x0cf7 window]
[    0.484768] pci_bus 0000:00: root bus resource [io  0x0d00-0xffff window]
[    0.485662] pci_bus 0000:00: root bus resource [mem 0x000a0000-0x000bffff window]
[    0.486715] pci_bus 0000:00: root bus resource [mem 0xe0000000-0xfdffffff window]
[    0.487888] pci_bus 0000:00: root bus resource [bus 00-ff]
[    0.489728] pci 0000:00:01.1: legacy IDE quirk: reg 0x10: [io  0x01f0-0x01f7]
[    0.490610] pci 0000:00:01.1: legacy IDE quirk: reg 0x14: [io  0x03f6]
[    0.491574] pci 0000:00:01.1: legacy IDE quirk: reg 0x18: [io  0x0170-0x0177]
[    0.492516] pci 0000:00:01.1: legacy IDE quirk: reg 0x1c: [io  0x0376]
[    0.589775] pci 0000:00:07.0: quirk: [io  0x4000-0x403f] claimed by PIIX4 ACPI
[    0.593209] pci 0000:00:07.0: quirk: [io  0x4100-0x410f] claimed by PIIX4 SMB
[    0.673017] ACPI: PCI Interrupt Link [LNKA] (IRQs 5 9 10 *11)
[    0.674380] ACPI: PCI Interrupt Link [LNKB] (IRQs 5 9 *10 11)
[    0.675560] ACPI: PCI Interrupt Link [LNKC] (IRQs 5 *9 10 11)
[    0.676770] ACPI: PCI Interrupt Link [LNKD] (IRQs 5 9 10 *11)
[    0.677925] ACPI: Enabled 2 GPEs in block 00 to 07
[    0.679091] vgaarb: setting as boot device: PCI:0000:00:02.0
[    0.679858] vgaarb: device added: PCI:0000:00:02.0,decodes=io+mem,owns=io+mem,locks=none
[    0.681001] vgaarb: loaded
[    0.681470] vgaarb: bridge control possible 0000:00:02.0
[    0.682437] SCSI subsystem initialized
[    0.683167] ACPI: bus type USB registered
[    0.683783] usbcore: registered new interface driver usbfs
[    0.684557] usbcore: registered new interface driver hub
[    0.685286] usbcore: registered new device driver usb
[    0.688839] PCI: Using ACPI for IRQ routing
[    0.690678] NetLabel: Initializing
[    0.691741] NetLabel:  domain hash size = 128
[    0.693002] NetLabel:  protocols = UNLABELED CIPSOv4
[    0.694337] NetLabel:  unlabeled traffic allowed by default
[    0.696042] amd_nb: Cannot enumerate AMD northbridges
[    0.697425] clocksource: Switched to clocksource kvm-clock
[    0.708050] AppArmor: AppArmor Filesystem Enabled
[    0.709244] pnp: PnP ACPI init
[    0.710929] pnp: PnP ACPI: found 3 devices
[    0.721515] clocksource: acpi_pm: mask: 0xffffff max_cycles: 0xffffff, max_idle_ns: 2085701024 ns
[    0.723373] NET: Registered protocol family 2
[    0.725166] TCP established hash table entries: 65536 (order: 7, 524288 bytes)
[    0.726865] TCP bind hash table entries: 65536 (order: 8, 1048576 bytes)
[    0.728194] TCP: Hash tables configured (established 65536 bind 65536)
[    0.729415] UDP hash table entries: 4096 (order: 5, 131072 bytes)
[    0.730560] UDP-Lite hash table entries: 4096 (order: 5, 131072 bytes)
[    0.732377] NET: Registered protocol family 1
[    0.733246] pci 0000:00:00.0: Limiting direct PCI/PCI transfers
[    0.734317] pci 0000:00:01.0: Activating ISA DMA hang workarounds
[    0.735488] Unpacking initramfs...
[    0.910960] Freeing initrd memory: 14888K
[    0.911646] PCI-DMA: Using software bounce buffering for IO (SWIOTLB)
[    0.912558] software IO TLB: mapped [mem 0xdbff0000-0xdfff0000] (64MB)
[    0.914164] RAPL PMU detected, API unit is 2^-32 Joules, 4 fixed counters 10737418240 ms ovfl timer
[    0.916078] hw unit of domain pp0-core 2^-0 Joules
[    0.916774] hw unit of domain package 2^-0 Joules
[    0.917480] hw unit of domain dram 2^-0 Joules
[    0.918173] hw unit of domain pp1-gpu 2^-0 Joules
[    0.918968] clocksource: tsc: mask: 0xffffffffffffffff max_cycles: 0x29ca25ce5cb, max_idle_ns: 440795265351 ns
[    0.920325] platform rtc_cmos: registered platform RTC device (no PNP device found)
[    0.921474] Scanning for low memory corruption every 60 seconds
[    0.923231] audit: initializing netlink subsys (disabled)
[    0.924775] audit: type=2000 audit(1606076061.925:1): initialized
[    0.926343] Initialise system trusted keyring
[    0.927458] HugeTLB registered 2 MB page size, pre-allocated 0 pages
[    0.929503] zbud: loaded
[    0.930405] VFS: Disk quotas dquot_6.6.0
[    0.931104] VFS: Dquot-cache hash table entries: 512 (order 0, 4096 bytes)
[    0.932309] squashfs: version 4.0 (2009/01/31) Phillip Lougher
[    0.933481] fuse init (API version 7.23)
[    0.934322] Key type big_key registered
[    0.934984] Allocating IMA MOK and blacklist keyrings.
[    0.937620] Key type asymmetric registered
[    0.938370] Asymmetric key parser 'x509' registered
[    0.939228] Block layer SCSI generic (bsg) driver version 0.4 loaded (major 249)
[    0.941797] io scheduler noop registered
[    0.942718] io scheduler deadline registered (default)
[    0.943547] io scheduler cfq registered
[    0.944263] pci_hotplug: PCI Hot Plug PCI Core version: 0.5
[    0.945113] pciehp: PCI Express Hot Plug Controller Driver version: 0.4
[    0.946315] ACPI: AC Adapter [AC] (on-line)
[    0.947048] input: Power Button as /devices/LNXSYSTM:00/LNXPWRBN:00/input/input0
[    0.948302] ACPI: Power Button [PWRF]
[    0.948977] input: Sleep Button as /devices/LNXSYSTM:00/LNXSLPBN:00/input/input1
[    0.950279] ACPI: Sleep Button [SLPF]
[    0.951204] GHES: HEST is not enabled!
[    0.951992] Serial: 8250/16550 driver, 32 ports, IRQ sharing enabled
[    0.973289] 00:02: ttyS0 at I/O 0x3f8 (irq = 4, base_baud = 115200) is a 16550A
[    0.976448] Linux agpgart interface v0.103
[    0.979259] loop: module loaded
[    0.980459] scsi host0: ata_piix
[    0.981168] scsi host1: ata_piix
[    0.981815] ata1: PATA max UDMA/33 cmd 0x1f0 ctl 0x3f6 bmdma 0xd000 irq 14
[    0.982743] ata2: PATA max UDMA/33 cmd 0x170 ctl 0x376 bmdma 0xd008 irq 15
[    0.983695] libphy: Fixed MDIO Bus: probed
[    0.984353] tun: Universal TUN/TAP device driver, 1.6
[    0.985039] tun: (C) 1999-2004 Max Krasnyansky <maxk@qualcomm.com>
[    0.986027] PPP generic driver version 2.4.2
[    0.986738] ehci_hcd: USB 2.0 'Enhanced' Host Controller (EHCI) Driver
[    0.987576] ehci-pci: EHCI PCI platform driver
[    0.988214] ehci-platform: EHCI generic platform driver
[    0.988994] ohci_hcd: USB 1.1 'Open' Host Controller (OHCI) Driver
[    0.989871] ohci-pci: OHCI PCI platform driver
[    0.990502] ohci-platform: OHCI generic platform driver
[    0.991212] uhci_hcd: USB Universal Host Controller Interface driver
[    0.992070] i8042: PNP: PS/2 Controller [PNP0303:PS2K,PNP0f03:PS2M] at 0x60,0x64 irq 1,12
[    0.993670] serio: i8042 KBD port at 0x60,0x64 irq 1
[    0.994391] serio: i8042 AUX port at 0x60,0x64 irq 12
[    0.995264] mousedev: PS/2 mouse device common for all mice
[    0.996672] input: AT Translated Set 2 keyboard as /devices/platform/i8042/serio0/input/input2
[    0.998053] rtc_cmos rtc_cmos: rtc core: registered rtc_cmos as rtc0
[    0.999025] rtc_cmos rtc_cmos: alarms up to one day, 114 bytes nvram
[    0.999849] i2c /dev entries driver
[    1.000436] device-mapper: uevent: version 1.0.3
[    1.001159] device-mapper: ioctl: 4.34.0-ioctl (2015-10-28) initialised: dm-devel@redhat.com
[    1.002553] ledtrig-cpu: registered to indicate activity on CPUs
[    1.003782] NET: Registered protocol family 10
[    1.005196] NET: Registered protocol family 17
[    1.006044] Key type dns_resolver registered
[    1.007209] registered taskstats version 1
[    1.007829] Loading compiled-in X.509 certificates
[    1.009056] Loaded X.509 cert 'Build time autogenerated kernel key: 12717d7bded22cc9f4c9021cf049cb5c0a2cb7b0'
[    1.010414] zswap: loaded using pool lzo/zbud
[    1.013168] Key type trusted registered
[    1.017315] Key type encrypted registered
[    1.018097] AppArmor: AppArmor sha1 policy hashing enabled
[    1.018984] ima: No TPM chip found, activating TPM-bypass!
[    1.019727] ima: Allocated hash algorithm: sha1
[    1.020402] evm: HMAC attrs: 0x1
[    1.021316]   Magic number: 12:973:245
[    1.022125] rtc_cmos rtc_cmos: setting system clock to 2020-11-22 20:14:16 UTC (1606076056)
[    1.023500] BIOS EDD facility v0.16 2004-Jun-25, 0 devices found
[    1.024279] EDD information not available.
[    1.179416] Freeing unused kernel memory: 1492K
[    1.180229] Write protecting the kernel read-only data: 14336k
[    1.181703] Freeing unused kernel memory: 1588K
[    1.182692] Freeing unused kernel memory: 56K
Loading, please wait...
starting version 229
[    1.198686] random: systemd-udevd: uninitialized urandom read (16 bytes read, 2 bits of entropy available)
[    1.200400] random: udevadm: uninitialized urandom read (16 bytes read, 2 bits of entropy available)
[    1.200446] random: udevadm: uninitialized urandom read (16 bytes read, 2 bits of entropy available)
[    1.209824] random: systemd-udevd: uninitialized urandom read (16 bytes read, 2 bits of entropy available)
[    1.214390] random: systemd-udevd: uninitialized urandom read (16 bytes read, 2 bits of entropy available)
[    1.217320] random: systemd-udevd: uninitialized urandom read (16 bytes read, 2 bits of entropy available)
[    1.217512] random: udevadm: uninitialized urandom read (16 bytes read, 2 bits of entropy available)
[    1.217585] random: udevadm: uninitialized urandom read (16 bytes read, 2 bits of entropy available)
[    1.217988] random: udevadm: uninitialized urandom read (16 bytes read, 2 bits of entropy available)
[    1.218069] random: udevadm: uninitialized urandom read (16 bytes read, 2 bits of entropy available)
[    1.257987] e1000: Intel(R) PRO/1000 Network Driver - version 7.3.21-k8-NAPI
[    1.260455] e1000: Copyright (c) 1999-2006 Intel Corporation.
[    1.262828] Fusion MPT base driver 3.04.20
[    1.263866] Copyright (c) 1999-2008 LSI Corporation
[    1.275002] Fusion MPT SPI Host driver 3.04.20
[    1.276739] AVX2 version of gcm_enc/dec engaged.
[    1.277680] AES CTR mode by8 optimization enabled
[    1.498336] input: ImExPS/2 Generic Explorer Mouse as /devices/platform/i8042/serio1/input/input4
[    1.600760] e1000 0000:00:03.0 eth0: (PCI:33MHz:32-bit) 02:8e:80:a0:ee:2f
[    1.601702] e1000 0000:00:03.0 eth0: Intel(R) PRO/1000 Network Connection
[    1.603550] mptbase: ioc0: Initiating bringup
[    2.025679] ioc0: LSI53C1030 A0: Capabilities={Initiator}
[    4.044534] scsi host2: ioc0: LSI53C1030 A0, FwRev=00000000h, Ports=1, MaxQ=256, IRQ=20
[    5.367619] scsi 2:0:0:0: Direct-Access     VBOX     HARDDISK         1.0  PQ: 0 ANSI: 5
[    5.368911] scsi target2:0:0: Beginning Domain Validation
[    5.370341] scsi target2:0:0: Domain Validation skipping write tests
[    5.371200] scsi target2:0:0: Ending Domain Validation
[    5.372107] scsi target2:0:0: asynchronous
[    5.373280] scsi 2:0:1:0: Direct-Access     VBOX     HARDDISK         1.0  PQ: 0 ANSI: 5
[    5.374600] scsi target2:0:1: Beginning Domain Validation
[    5.376201] scsi target2:0:1: Domain Validation skipping write tests
[    5.377041] scsi target2:0:1: Ending Domain Validation
[    5.378108] scsi target2:0:1: asynchronous
[    5.383772] sd 2:0:0:0: [sda] 20971520 512-byte logical blocks: (10.7 GB/10.0 GiB)
[    5.385132] sd 2:0:0:0: [sda] Write Protect is off
[    5.386086] sd 2:0:0:0: [sda] Incomplete mode parameter data
[    5.387081] sd 2:0:0:0: [sda] Assuming drive cache: write through
[    5.388001] sd 2:0:0:0: Attached scsi generic sg0 type 0
[    5.389500]  sda: sda1
[    5.390023] sd 2:0:1:0: [sdb] 20480 512-byte logical blocks: (10.5 MB/10.0 MiB)
[    5.391427] sd 2:0:1:0: [sdb] Write Protect is off
[    5.391451] sd 2:0:1:0: Attached scsi generic sg1 type 0
[    5.391565] sd 2:0:0:0: [sda] Attached SCSI disk
[    5.397800] sd 2:0:1:0: [sdb] Incomplete mode parameter data
[    5.398772] sd 2:0:1:0: [sdb] Assuming drive cache: write through
[    5.425274] sd 2:0:1:0: [sdb] Attached SCSI disk
[    5.843620] e1000 0000:00:08.0 eth1: (PCI:33MHz:32-bit) 08:00:27:18:2b:21
[    5.844700] e1000 0000:00:08.0 eth1: Intel(R) PRO/1000 Network Connection
[    5.846630] e1000 0000:00:03.0 enp0s3: renamed from eth0
[    5.865614] e1000 0000:00:08.0 enp0s8: renamed from eth1
Begin: Loading essential drivers ... [    7.144134] md: linear personality registered for level -1
[    7.147327] md: multipath personality registered for level -4
[    7.150453] md: raid0 personality registered for level 0
[    7.154550] md: raid1 personality registered for level 1
[    7.237575] raid6: sse2x1   gen() 10993 MB/s
[    7.317808] raid6: sse2x1   xor() 10166 MB/s
[    7.397442] raid6: sse2x2   gen() 15341 MB/s
[    7.469731] raid6: sse2x2   xor()  9999 MB/s
[    7.541453] raid6: sse2x4   gen() 17228 MB/s
[    7.609765] raid6: sse2x4   xor() 11427 MB/s
[    7.689716] raid6: avx2x1   gen() 25635 MB/s
[    7.757433] raid6: avx2x2   gen() 25112 MB/s
[    7.825876] raid6: avx2x4   gen() 28999 MB/s
[    7.826559] raid6: using algorithm avx2x4 gen() 28999 MB/s
[    7.827313] raid6: using avx2x2 recovery algorithm
[    7.829326] xor: automatically using best checksumming function:
[    7.869474]    avx       : 29024.000 MB/sec
[    7.871364] async_tx: api initialized (async)
[    7.881017] md: raid6 personality registered for level 6
[    7.881887] md: raid5 personality registered for level 5
[    7.882669] md: raid4 personality registered for level 4
[    7.889902] md: raid10 personality registered for level 10
done.
Begin: Running /scripts/init-premount ... done.
Begin: Mounting root file system ... Begin: Running /scripts/local-top ... done.
Begin: Running /scripts/local-premount ... [    7.916475] Btrfs loaded
Scanning for Btrfs filesystems
done.
Warning: fsck not present, so skipping root file system
[    7.966085] EXT4-fs (sda1): INFO: recovery required on readonly filesystem
[    7.967165] EXT4-fs (sda1): write access will be enabled during recovery
[    7.993397] EXT4-fs (sda1): recovery complete
[    7.994284] EXT4-fs (sda1): mounted filesystem with ordered data mode. Opts: (null)
done.
Begin: Running /scripts/local-bottom ... done.
Begin: Running /scripts/init-bottom ... done.
[    8.344737] systemd[1]: systemd 229 running in system mode. (+PAM +AUDIT +SELINUX +IMA +APPARMOR +SMACK +SYSVINIT +UTMP +LIBCRYPTSETUP +GCRYPT +GNUTLS +ACL +XZ -LZ4 +SECCOMP +BLKID +ELFUTILS +KMOD -IDN)
[    8.347190] systemd[1]: Detected virtualization oracle.
[    8.347975] systemd[1]: Detected architecture x86-64.

Welcome to [1mUbuntu 16.04.7 LTS[0m!

[    8.372634] systemd[1]: Set hostname to <dev-env>.
[    8.775807] systemd[1]: Listening on udev Kernel Socket.
[[0;32m  OK  [0m] Listening on udev Kernel Socket.
[    8.778801] systemd[1]: Listening on Device-mapper event daemon FIFOs.
[[0;32m  OK  [0m] Listening on Device-mapper event daemon FIFOs.
[    8.782586] systemd[1]: Listening on Journal Socket (/dev/log).
[[0;32m  OK  [0m] Listening on Journal Socket (/dev/log).
[    8.918648] systemd[1]: Created slice System Slice.
[[0;32m  OK  [0m] Created slice System Slice.
[    8.919941] systemd[1]: Listening on Syslog Socket.
[[0;32m  OK  [0m] Listening on Syslog Socket.
[    8.921063] systemd[1]: Started Forward Password Requests to Wall Directory Watch.
[[0;32m  OK  [0m] Started Forward Password Requests to Wall Directory Watch.
[    8.922835] systemd[1]: Reached target User and Group Name Lookups.
[[0;32m  OK  [0m] Reached target User and Group Name Lookups.
[    8.924167] systemd[1]: Listening on Journal Socket.
[[0;32m  OK  [0m] Listening on Journal Socket.
[    9.001752] systemd[1]: Mounting Debug File System...
         Mounting Debug File System...
[    9.018663] systemd[1]: Starting Load Kernel Modules...
         Starting Load Kernel Modules...
[    9.026968] systemd[1]: Starting Remount Root and Kernel File Systems...
         Starting Remount Root and Kernel File Systems...
[    9.035183] systemd[1]: Starting Set console keymap...
         Starting Set console keymap...
[    9.043483] systemd[1]: Mounting POSIX Message Queue File System...
         Mounting POSIX Message Queue File System...
[    9.052642] systemd[1]: Reached target Encrypted Volumes.
[[0;32m  OK  [0m] Reached target Encrypted Volumes.
[    9.054022] systemd[1]: Reached target System Time Synchronized.
[[0;32m  OK  [0m] Reached target System Time Synchronized.
[    9.055589] systemd[1]: Started Trigger resolvconf update for networkd DNS.
[[0;32m  OK  [0m] Started Trigger resolvconf update for networkd DNS.
[    9.057243] systemd[1]: Listening on Journal Audit Socket.
    9.058275] random: nonblocking pool is initialized
[[0;32m  OK  [0m] Listening on Journal Audit Socket.
[    9.065945] systemd[1]: Created slice User and Session Slice.
[[0;32m  OK  [0m] Created slice User and Session Slice.
[    9.067326] systemd[1]: Reached target Slices.
[[0;32m  OK  [0m] Reached target Slices.
[    9.068487] systemd[1]: Reached target Swap.
[[0;32m  OK  [0m] Reached target Swap.
[    9.084443] EXT4-fs (sda1): re-mounted. Opts: (null)
[    9.093657] systemd[1]: Starting Uncomplicated firewall...
         Starting Uncomplicated firewall...
[    9.095429] systemd[1]: Created slice system-serial\x2dgetty.slice.
[[0;32m  OK  [0m] Created slice system-serial\x2dgetty.slice.
[    9.097789] systemd[1]: Starting Journal Service...
         Starting Journal Service...
[    9.100026] systemd[1]: Mounting Huge Pages File System...
         Mounting Huge Pages File System...
[    9.101757] Loading iSCSI transport class v2.0-870.
[    9.105742] systemd[1]: Set up automount Arbitrary Executable File Formats File System Automount Point.
[[0;32m  OK  [0m] Set up automount Arbitrary Executab...ats File System Automount Point.
[    9.111402] systemd[1]: Listening on LVM2 metadata daemon socket.
[[0;32m  OK  [0m] Listening on LVM2 metadata daemon socket.
[    9.125148] systemd[1]: Listening on /dev/initctl Compatibility Named Pipe.
[[0;32m  OK  [0m] Listening on /dev/initctl Compatibility Named Pipe.
[    9.127785] systemd[1]: Starting Monitoring of LVM2 mirrors, snapshots etc. using dmeventd or progress polling...
         Starting Monitoring of LVM2 mirrors... dmeventd or progress polling...
[    9.129970] systemd[1]: Listening on udev Control Socket.
[[0;32m  OK  [0m] Listening on udev Control Socket.
[    9.131778] systemd[1]: Starting Create list of required static device nodes for the current kernel...
         Starting Create list of required st... nodes for the current kernel...
[    9.133802] systemd[1]: Listening on LVM2 poll daemon socket.
[[0;32m  OK  [0m] Listening on LVM2 poll daemon socket.
[    9.136184] systemd[1]: Starting Nameserver information manager...
         Starting Nameserver information manager...
[    9.139184] systemd[1]: Mounted POSIX Message Queue File System.
[[0;32m  OK  [0m] Mounted POSIX Message Queue File System.
[    9.149689] systemd[1]: Mounted Huge Pages File System.
[[0;32m  OK  [0m] Mounted Huge Pages File System.
[    9.151004] systemd[1]: Mounted Debug File System.
[[0;32m  OK  [0m] Mounted Debug File System.
[    9.152783] systemd[1]: Started Remount Root and Kernel File Systems.
[[0;32m  OK  [0m] Started Remount Root and Kernel File Systems.
[    9.155145] iscsi: registered transport (tcp)
[    9.155232] systemd[1]: Started Uncomplicated firewall.
[[0;32m  OK  [0m] Started Uncomplicated firewall.
[    9.165260] systemd[1]: Starting udev Coldplug all Devices...
         Starting udev Coldplug all Devices...
[    9.174382] systemd[1]: Starting Load/Save Random Seed...
         Starting Load/Save Random Seed...
[    9.176113] systemd[1]: Started Set console keymap.
[[0;32m  OK  [0m] Started Set console keymap.
[    9.177992] systemd[1]: Started Create list of required static device nodes for the current kernel.
[[0;32m  OK  [0m] Started Create list of required sta...ce nodes for the current kernel.
[    9.181753] systemd[1]: Started Nameserver information manager.
[[0;32m  OK  [0m] Started Nameserver information manager.
[    9.184603] systemd[1]: Starting Create Static Device Nodes in /dev...
         Starting Create Static Device Nodes in /dev...
[    9.207885] systemd[1]: Started Load/Save Random Seed.
[[0;32m  OK  [0m] Started Load/Save Random Seed.
[    9.273767] iscsi: registered transport (iser)
[    9.276094] systemd[1]: Started Load Kernel Modules.
[[0;32m  OK  [0m] Started Load Kernel Modules.
[    9.289751] systemd[1]: Starting Apply Kernel Variables...
         Starting Apply Kernel Variables...
[    9.298998] systemd[1]: Mounting FUSE Control File System...
         Mounting FUSE Control File System...
[    9.301863] systemd[1]: Mounted FUSE Control File System.
[[0;32m  OK  [0m] Mounted FUSE Control File System.
[    9.303796] systemd[1]: Started Journal Service.
[[0;32m  OK  [0m] Started Journal Service.
[[0;32m  OK  [0m] Started LVM2 metadata daemon.
         Starting Flush Journal to Persistent Storage...
[[0;32m  OK  [0m] Started Apply Kernel Variables.
[[0;32m  OK  [0m] Started udev Coldplug all Devices.
[[0;32m  OK  [0m] Started Flush Journal to Persistent Storage.
[[0;32m  OK  [0m] Started Create Static Device Nodes in /dev.
         Starting udev Kernel Device Manager...
[[0;32m  OK  [0m] Started Monitoring of LVM2 mirrors,...ng dmeventd or progress polling.
[[0;32m  OK  [0m] Reached target Local File Systems (Pre).
[[0;32m  OK  [0m] Reached target Local File Systems.
         Starting Initial cloud-init job (pre-networking)...
         Starting LSB: AppArmor initialization...
         Starting Set console font and keymap...
         Starting Create Volatile Files and Directories...
         Starting Tell Plymouth To Write Out Runtime Data...
         Mounting /vagrant_data...
         Mounting /vagrant...
[[0;32m  OK  [0m] Started Create Volatile Files and Directories.
[[0;32m  OK  [0m] Started Tell Plymouth To Write Out Runtime Data.
[[0;1;31mFAILED[0m] Failed to mount /vagrant_data.
See 'systemctl status vagrant_data.mount' for details.
[[0;1;31mFAILED[0m] Failed to mount /vagrant.
See 'systemctl status vagrant.mount' for details.
         Starting Update UTMP about System Boot/Shutdown...
[[0;32m  OK  [0m] Started udev Kernel Device Manager.
[[0;32m  OK  [0m] Started Update UTMP about System Boot/Shutdown.
[[0;32m  OK  [0m] Started Dispatch Password Requests to Console Directory Watch.
[[0;32m  OK  [0m] Found device /dev/ttyS0.
[[0;32m  OK  [0m] Listening on Load/Save RF Kill Switch Status /dev/rfkill Watch.
[[0;32m  OK  [0m] Found device 82540EM Gigabit Ethern...r (PRO/1000 MT Desktop Adapter).
[[0;32m  OK  [0m] Found device 82540EM Gigabit Ethern...r (PRO/1000 MT Desktop Adapter).
[[0;32m  OK  [0m] Started LSB: AppArmor initialization.
         Starting Load AppArmor profiles managed internally by snapd...
[[0;32m  OK  [0m] Started Load AppArmor profiles managed internally by snapd.
[[0;32m  OK  [0m] Started Set console font and keymap.
[[0;32m  OK  [0m] Created slice system-getty.slice.
[   12.337446] cloud-init[486]: Cloud-init v. 20.3-2-g371b392c-0ubuntu1~16.04.1 running 'init-local' at Sun, 22 Nov 2020 20:14:27 +0000. Up 11.80 seconds.
[[0;32m  OK  [0m] Started Initial cloud-init job (pre-networking).
[[0;32m  OK  [0m] Reached target Network (Pre).
[[0;32m  OK  [0m] Started ifup for enp0s8.
[[0;32m  OK  [0m] Started ifup for enp0s3.
         Starting Raise network interfaces...
[[0;32m  OK  [0m] Started Raise network interfaces.
         Starting Initial cloud-init job (metadata service crawler)...
[[0;32m  OK  [0m] Reached target Network.
[   13.228340] cloud-init[1110]: Cloud-init v. 20.3-2-g371b392c-0ubuntu1~16.04.1 running 'init' at Sun, 22 Nov 2020 20:14:28 +0000. Up 12.87 seconds.
[   13.229680] cloud-init[1110]: ci-info: ++++++++++++++++++++++++++++++++++++++Net device info+++++++++++++++++++++++++++++++++++++++
[   13.230590] cloud-init[1110]: ci-info: +--------+------+-----------------------------+---------------+--------+-------------------+
[   13.231851] cloud-init[1110]: ci-info: | Device |  Up  |           Address           |      Mask     | Scope  |     Hw-Address    |
[   13.233078] cloud-init[1110]: ci-info: +--------+------+-----------------------------+---------------+--------+-------------------+
[   13.234407] cloud-init[1110]: ci-info: | enp0s3 | True |          10.0.2.15          | 255.255.255.0 | global | 02:8e:80:a0:ee:2f |
[   13.235777] cloud-init[1110]: ci-info: | enp0s3 | True |  fe80::8e:80ff:fea0:ee2f/64 |       .       |  link  | 02:8e:80:a0:ee:2f |
[   13.238534] cloud-init[1110]: ci-info: | enp0s8 | True |        192.168.33.10        | 255.255.255.0 | global | 08:00:27:18:2b:21 |
[   13.241679] cloud-init[1110]: ci-info: | enp0s8 | True | fe80::a00:27ff:fe18:2b21/64 |       .       |  link  | 08:00:27:18:2b:21 |
[   13.243116] cloud-init[1110]: ci-info: |   lo   | True |          127.0.0.1          |   255.0.0.0   |  host  |         .         |
[   13.244257] cloud-init[1110]: ci-info: |   lo   | True |           ::1/128           |       .       |  host  |         .         |
[   13.245535] cloud-init[1110]: ci-info: +--------+------+-----------------------------+---------------+--------+-------------------+
[   13.246622] cloud-init[1110]: ci-info: ++++++++++++++++++++++++++++Route IPv4 info++++++++++++++++++++++++++++
[   13.247438] cloud-init[1110]: ci-info: +-------+--------------+----------+---------------+-----------+-------+
[   13.248347] cloud-init[1110]: ci-info: | Route | Destination  | Gateway  |    Genmask    | Interface | Flags |
[   13.256488] cloud-init[1110]: ci-info: +-------+--------------+----------+---------------+-----------+-------+
[   13.257617] cloud-init[1110]: ci-info: |   0   |   0.0.0.0    | 10.0.2.2 |    0.0.0.0    |   enp0s3  |   UG  |
[   13.258828] cloud-init[1110]: ci-info: |   1   |   10.0.2.0   | 0.0.0.0  | 255.255.255.0 |   enp0s3  |   U   |
[   13.259752] cloud-init[1110]: ci-info: |   2   | 192.168.33.0 | 0.0.0.0  | 255.255.255.0 |   enp0s8  |   U   |
[   13.260713] cloud-init[1110]: ci-info: +-------+--------------+----------+---------------+-----------+-------+
[   13.262090] cloud-init[1110]: ci-info: +++++++++++++++++++Route IPv6 info+++++++++++++++++++
[   13.263517] cloud-init[1110]: ci-info: +-------+-------------+---------+-----------+-------+
[   13.265114] cloud-init[1110]: ci-info: | Route | Destination | Gateway | Interface | Flags |
[   13.266120] cloud-init[1110]: ci-info: +-------+-------------+---------+-----------+-------+
[   13.267081] cloud-init[1110]: ci-info: |   0   |  fe80::/64  |    ::   |   enp0s8  |   U   |
[   13.268196] [cloud-init[0;32m  OK  [0m[1110]: ] ci-info: |   1   |  fe80::/64  |    ::   |   enp0s3  |   U   |Started Initial cloud-init job (metadata service crawler).

[   13.268351] cloud-init[1110]: ci-info: |   4   |   ff00::/8  |    ::   |   enp0s8  |   U   |
[[   13.271027] [0;32m  OK  [0mcloud-init] [1110]: Reached target System Initialization.ci-info: |   5   |   ff00::/8  |    ::   |   enp0s3  |   U   |

[   13.272262] cloud-init[1110]: ci-info: +-------+-------------+---------+-----------+-------+
[[0;32m  OK  [0m] Started ACPI Events Check.
[[0;32m  OK  [0m] Reached target Paths.
[[0;32m  OK  [0m] Listening on ACPID Listen Socket.
[[0;32m  OK  [0m] Listening on D-Bus System Message Bus Socket.
         Starting Socket activation for snappy daemon.
[[0;32m  OK  [0m] Listening on UUID daemon activation socket.
[[0;32m  OK  [0m] Started Daily Cleanup of Temporary Directories.
[[0;32m  OK  [0m] Started Daily apt download activities.
[[0;32m  OK  [0m] Started Daily apt upgrade and clean activities.
         Starting LXD - unix socket.
[[0;32m  OK  [0m] Started Message of the Day.
[[0;32m  OK  [0m] Reached target Timers.
[[0;32m  OK  [0m] Reached target Cloud-config availability.
[[0;32m  OK  [0m] Reached target Network is Online.
         Starting iSCSI initiator daemon (iscsid)...
[[0;32m  OK  [0m] Listening on Socket activation for snappy daemon.
[[0;32m  OK  [0m] Listening on LXD - unix socket.
[[0;32m  OK  [0m] Reached target Sockets.
[[0;32m  OK  [0m] Reached target Basic System.
[[0;32m  OK  [0m] Started Regular background program processing daemon.
         Starting Login Service...
         Starting LSB: MD monitoring daemon...
[[0;32m  OK  [0m] Started Deferred execution scheduler.
         Starting /etc/rc.local Compatibility...
         Starting Message of the Day...
         Starting Virtualbox guest utils...
         Starting LXD - container startup/shutdown...
         Starting Accounts Service...
[[0;32m  OK  [0m] Started FUSE filesystem for LXC.
         Starting OpenBSD Secure Shell server...
[[0;32m  OK  [0m] Started D-Bus System Message Bus.
         Starting LSB: Record successful boot for GRUB...
         Starting System Logging Service...
[[0;32m  OK  [0m] Started ACPI event daemon.
         Starting Snap Daemon...
[[0;32m  OK  [0m] Started /etc/rc.local Compatibility.
[[0;32m  OK  [0m] Started Message of the Day.
[[0;32m  OK  [0m] Started OpenBSD Secure Shell server.
[[0;32m  OK  [0m] Started Login Service.
[[0;32m  OK  [0m] Started Unattended Upgrades Shutdown.
         Starting Authenticate and Authorize Users to Run Privileged Tasks...
[[0;32m  OK  [0m] Started LSB: Record successful boot for GRUB.
[[0;32m  OK  [0m] Started iSCSI initiator daemon (iscsid).
         Starting Login to default iSCSI targets...
[[0;32m  OK  [0m] Started System Logging Service.
[[0;32m  OK  [0m] Started LSB: MD monitoring daemon.
[[0;32m  OK  [0m] Started Authenticate and Authorize Users to Run Privileged Tasks.
[[0;32m  OK  [0m] Started Accounts Service.
[[0;32m  OK  [0m] Started Login to default iSCSI targets.
[[0;32m  OK  [0m] Reached target Remote File Systems (Pre).
[[0;32m  OK  [0m] Reached target Remote File Systems.
         Starting LSB: daemon to balance interrupts for SMP systems...
         Starting LSB: automatic crash report generation...
         Starting LSB: Set the CPU Frequency Scaling governor to "ondemand"...
         Starting Permit User Sessions...
[[0;32m  OK  [0m] Started LSB: Set the CPU Frequency Scaling governor to "ondemand".
[[0;32m  OK  [0m] Started Permit User Sessions.
         Starting Hold until boot process finishes up...
         Starting Terminate Plymouth Boot Screen...
[[0;32m  OK  [0m] Started LSB: daemon to balance interrupts for SMP systems.
[[0;32m  OK  [0m] Started LSB: automatic crash report generation.
[[0;32m  OK  [0m] Started Hold until boot process finishes up.
[[0;32m  OK  [0m] Started Serial Getty on ttyS0.
         Starting Set console scheme...
[[0;32m  OK  [0m] Started Getty on tty1.
[[0;32m  OK  [0m] Reached target Login Prompts.
[[0;32m  OK  [0m] Started Terminate Plymouth Boot Screen.
[[0;32m  OK  [0m] Started Set console scheme.
[[0;32m  OK  [0m] Started Virtualbox guest utils.
[[0;32m  OK  [0m] Started LXD - container startup/shutdown.
[[0;32m  OK  [0m] Started Snap Daemon.
         Starting Wait until snapd is fully seeded...
[[0;32m  OK  [0m] Started Wait until snapd is fully seeded.
         Starting Apply the settings specified in cloud-config...
[[0;32m  OK  [0m] Reached target Multi-User System.
[[0;32m  OK  [0m] Reached target Graphical Interface.
         Starting Update UTMP about System Runlevel Changes...
[[0;32m  OK  [0m] Started Update UTMP about System Runlevel Changes.
[   15.782492] cloud-init[1371]: Cloud-init v. 20.3-2-g371b392c-0ubuntu1~16.04.1 running 'modules:config' at Sun, 22 Nov 2020 20:14:31 +0000. Up 15.69 seconds.
[[0;32m  OK  [0m] Started Apply the settings specified in cloud-config.
         Starting Execute cloud user/final scripts...
[   16.126792] cloud-init[1384]: Cloud-init v. 20.3-2-g371b392c-0ubuntu1~16.04.1 running 'modules:final' at Sun, 22 Nov 2020 20:14:31 +0000. Up 16.04 seconds.
[   16.128213] cloud-init[1384]: Cloud-init v. 20.3-2-g371b392c-0ubuntu1~16.04.1 finished at Sun, 22 Nov 2020 20:14:31 +0000. Datasource DataSourceNoCloud [seed=/dev/sdb][dsmode=net].  Up 16.12 seconds
[[0;32m  OK  [0m] Started Execute cloud user/final scripts.
[[0;32m  OK  [0m] Reached target Cloud-init target.
         Starting Daily apt download activities...
[[0;32m  OK  [0m] Created slice User Slice of vagrant.
         Starting User Manager for UID 1000...
[[0;32m  OK  [0m] Started Session 1 of user vagrant.
[[0;32m  OK  [0m] Started User Manager for UID 1000.

Ubuntu 16.04.7 LTS dev-env ttyS0

dev-env login: 